Traceback (most recent call last):
  File "/home/student/DataLab-ProjectA/SectionB/scripts/build_index.py", line 14, in <module>
    build_offline_index()
  File "/home/student/DataLab-ProjectA/SectionB/main.py", line 35, in build_offline_index
    build_index()
  File "/home/student/DataLab-ProjectA/SectionB/index.py", line 34, in build_index
    vectors = embed_texts(texts)
  File "/home/student/DataLab-ProjectA/SectionB/embed.py", line 26, in embed_texts
    vectors = model.encode(
  File "/anaconda/envs/py38_default/lib/python3.10/site-packages/sentence_transformers/SentenceTransformer.py", line 371, in encode
    out_features = self.forward(features)
  File "/anaconda/envs/py38_default/lib/python3.10/site-packages/torch/nn/modules/container.py", line 250, in forward
    input = module(input)
  File "/anaconda/envs/py38_default/lib/python3.10/site-packages/torch/nn/modules/module.py", line 1736, in _wrapped_call_impl
    return self._call_impl(*args, **kwargs)
  File "/anaconda/envs/py38_default/lib/python3.10/site-packages/torch/nn/modules/module.py", line 1747, in _call_impl
    return forward_call(*args, **kwargs)
  File "/anaconda/envs/py38_default/lib/python3.10/site-packages/sentence_transformers/models/Transformer.py", line 98, in forward
    output_states = self.auto_model(**trans_features, return_dict=False)
  File "/anaconda/envs/py38_default/lib/python3.10/site-packages/torch/nn/modules/module.py", line 1736, in _wrapped_call_impl
    return self._call_impl(*args, **kwargs)
  File "/anaconda/envs/py38_default/lib/python3.10/site-packages/torch/nn/modules/module.py", line 1747, in _call_impl
    return forward_call(*args, **kwargs)
  File "/anaconda/envs/py38_default/lib/python3.10/site-packages/transformers/models/bert/modeling_bert.py", line 1000, in forward
    encoder_outputs = self.encoder(
  File "/anaconda/envs/py38_default/lib/python3.10/site-packages/torch/nn/modules/module.py", line 1736, in _wrapped_call_impl
    return self._call_impl(*args, **kwargs)
  File "/anaconda/envs/py38_default/lib/python3.10/site-packages/torch/nn/modules/module.py", line 1747, in _call_impl
    return forward_call(*args, **kwargs)
  File "/anaconda/envs/py38_default/lib/python3.10/site-packages/transformers/models/bert/modeling_bert.py", line 650, in forward
    layer_outputs = layer_module(
  File "/anaconda/envs/py38_default/lib/python3.10/site-packages/transformers/modeling_layers.py", line 94, in __call__
    return super().__call__(*args, **kwargs)
  File "/anaconda/envs/py38_default/lib/python3.10/site-packages/torch/nn/modules/module.py", line 1736, in _wrapped_call_impl
    return self._call_impl(*args, **kwargs)
  File "/anaconda/envs/py38_default/lib/python3.10/site-packages/torch/nn/modules/module.py", line 1747, in _call_impl
    return forward_call(*args, **kwargs)
  File "/anaconda/envs/py38_default/lib/python3.10/site-packages/transformers/utils/deprecation.py", line 172, in wrapped_func
    return func(*args, **kwargs)
  File "/anaconda/envs/py38_default/lib/python3.10/site-packages/transformers/models/bert/modeling_bert.py", line 588, in forward
    layer_output = apply_chunking_to_forward(
  File "/anaconda/envs/py38_default/lib/python3.10/site-packages/transformers/pytorch_utils.py", line 257, in apply_chunking_to_forward
    return forward_fn(*input_tensors)
  File "/anaconda/envs/py38_default/lib/python3.10/site-packages/transformers/models/bert/modeling_bert.py", line 597, in feed_forward_chunk
    layer_output = self.output(intermediate_output, attention_output)
  File "/anaconda/envs/py38_default/lib/python3.10/site-packages/torch/nn/modules/module.py", line 1736, in _wrapped_call_impl
    return self._call_impl(*args, **kwargs)
  File "/anaconda/envs/py38_default/lib/python3.10/site-packages/torch/nn/modules/module.py", line 1747, in _call_impl
    return forward_call(*args, **kwargs)
  File "/anaconda/envs/py38_default/lib/python3.10/site-packages/transformers/models/bert/modeling_bert.py", line 525, in forward
    hidden_states = self.dense(hidden_states)
  File "/anaconda/envs/py38_default/lib/python3.10/site-packages/torch/nn/modules/module.py", line 1736, in _wrapped_call_impl
    return self._call_impl(*args, **kwargs)
  File "/anaconda/envs/py38_default/lib/python3.10/site-packages/torch/nn/modules/module.py", line 1747, in _call_impl
    return forward_call(*args, **kwargs)
  File "/anaconda/envs/py38_default/lib/python3.10/site-packages/torch/nn/modules/linear.py", line 125, in forward
    return F.linear(input, self.weight, self.bias)
KeyboardInterrupt
Command exited with non-zero status 1
93990.70user 6261.56system 5:01:48elapsed 553%CPU (0avgtext+0avgdata 5173772maxresident)k
925176inputs+48outputs (156major+67939297minor)pagefaults 0swaps
